{"uuid":"2bfe3b42-12b0-40cc-a5b1-0b22df27377a","historyId":"7adb2ce3f0c54c1217a418d00bdf1cb8","testCaseId":"115d33cd3332b62594d1a479ee2222dc","fullName":"src/test/resources/features/login.feature:3","labels":[{"name":"host","value":"MacBook-Air-de-Claudinei.local"},{"name":"thread","value":"3019@MacBook-Air-de-Claudinei.local.main(3)"},{"name":"feature","value":"Login no aplicativo"},{"name":"story","value":"Login com credenciais válidas"},{"name":"suite","value":"Login no aplicativo"},{"name":"testClass","value":"Login com credenciais válidas"},{"name":"framework","value":"cucumber4jvm"},{"name":"language","value":"java"},{"name":"gherkin_uri","value":"file:///Users/claudineibonilha/projects/qa/mobile-test-automation/src/test/resources/features/login.feature"},{"name":"package","value":"src.test.resources.features.login_feature.Login no aplicativo"}],"links":[],"name":"Login com credenciais válidas","status":"broken","statusDetails":{"known":false,"muted":false,"flaky":false,"message":"org/openqa/selenium/Rotatable","trace":"java.lang.NoClassDefFoundError: org/openqa/selenium/Rotatable\n\tat java.base/java.lang.ClassLoader.defineClass1(Native Method)\n\tat java.base/java.lang.ClassLoader.defineClass(ClassLoader.java:962)\n\tat java.base/java.security.SecureClassLoader.defineClass(SecureClassLoader.java:132)\n\tat java.base/jdk.internal.loader.BuiltinClassLoader.defineClass(BuiltinClassLoader.java:776)\n\tat java.base/jdk.internal.loader.BuiltinClassLoader.findClassOnClassPathOrNull(BuiltinClassLoader.java:691)\n\tat java.base/jdk.internal.loader.BuiltinClassLoader.loadClassOrNull(BuiltinClassLoader.java:620)\n\tat java.base/jdk.internal.loader.BuiltinClassLoader.loadClass(BuiltinClassLoader.java:578)\n\tat java.base/java.lang.ClassLoader.loadClass(ClassLoader.java:490)\n\tat java.base/java.lang.ClassLoader.defineClass1(Native Method)\n\tat java.base/java.lang.ClassLoader.defineClass(ClassLoader.java:962)\n\tat java.base/java.security.SecureClassLoader.defineClass(SecureClassLoader.java:132)\n\tat java.base/jdk.internal.loader.BuiltinClassLoader.defineClass(BuiltinClassLoader.java:776)\n\tat java.base/jdk.internal.loader.BuiltinClassLoader.findClassOnClassPathOrNull(BuiltinClassLoader.java:691)\n\tat java.base/jdk.internal.loader.BuiltinClassLoader.loadClassOrNull(BuiltinClassLoader.java:620)\n\tat java.base/jdk.internal.loader.BuiltinClassLoader.loadClass(BuiltinClassLoader.java:578)\n\tat java.base/java.lang.ClassLoader.loadClass(ClassLoader.java:490)\n\tat stepdefinitions.LoginSteps.launchApp(LoginSteps.java:15)\n\tat ✽.the app is launched(file:///Users/claudineibonilha/projects/qa/mobile-test-automation/src/test/resources/features/login.feature:4)\nCaused by: java.lang.ClassNotFoundException: org.openqa.selenium.Rotatable\n\tat java.base/jdk.internal.loader.BuiltinClassLoader.loadClass(BuiltinClassLoader.java:580)\n\tat java.base/java.lang.ClassLoader.loadClass(ClassLoader.java:490)\n\t... 18 more\n"},"stage":"finished","steps":[{"name":"Given the app is launched","status":"broken","statusDetails":{"known":false,"muted":false,"flaky":false,"message":"org/openqa/selenium/Rotatable","trace":"java.lang.NoClassDefFoundError: org/openqa/selenium/Rotatable\n\tat java.base/java.lang.ClassLoader.defineClass1(Native Method)\n\tat java.base/java.lang.ClassLoader.defineClass(ClassLoader.java:962)\n\tat java.base/java.security.SecureClassLoader.defineClass(SecureClassLoader.java:132)\n\tat java.base/jdk.internal.loader.BuiltinClassLoader.defineClass(BuiltinClassLoader.java:776)\n\tat java.base/jdk.internal.loader.BuiltinClassLoader.findClassOnClassPathOrNull(BuiltinClassLoader.java:691)\n\tat java.base/jdk.internal.loader.BuiltinClassLoader.loadClassOrNull(BuiltinClassLoader.java:620)\n\tat java.base/jdk.internal.loader.BuiltinClassLoader.loadClass(BuiltinClassLoader.java:578)\n\tat java.base/java.lang.ClassLoader.loadClass(ClassLoader.java:490)\n\tat java.base/java.lang.ClassLoader.defineClass1(Native Method)\n\tat java.base/java.lang.ClassLoader.defineClass(ClassLoader.java:962)\n\tat java.base/java.security.SecureClassLoader.defineClass(SecureClassLoader.java:132)\n\tat java.base/jdk.internal.loader.BuiltinClassLoader.defineClass(BuiltinClassLoader.java:776)\n\tat java.base/jdk.internal.loader.BuiltinClassLoader.findClassOnClassPathOrNull(BuiltinClassLoader.java:691)\n\tat java.base/jdk.internal.loader.BuiltinClassLoader.loadClassOrNull(BuiltinClassLoader.java:620)\n\tat java.base/jdk.internal.loader.BuiltinClassLoader.loadClass(BuiltinClassLoader.java:578)\n\tat java.base/java.lang.ClassLoader.loadClass(ClassLoader.java:490)\n\tat stepdefinitions.LoginSteps.launchApp(LoginSteps.java:15)\n\tat ✽.the app is launched(file:///Users/claudineibonilha/projects/qa/mobile-test-automation/src/test/resources/features/login.feature:4)\nCaused by: java.lang.ClassNotFoundException: org.openqa.selenium.Rotatable\n\tat java.base/jdk.internal.loader.BuiltinClassLoader.loadClass(BuiltinClassLoader.java:580)\n\tat java.base/java.lang.ClassLoader.loadClass(ClassLoader.java:490)\n\t... 18 more\n"},"stage":"finished","steps":[],"attachments":[],"parameters":[],"start":1748989637384,"stop":1748989637426},{"name":"When I enter valid credentials","status":"skipped","statusDetails":{"known":false,"muted":false,"flaky":false},"stage":"finished","steps":[],"attachments":[],"parameters":[],"start":1748989637431,"stop":1748989637432},{"name":"Then I should be logged in","status":"skipped","statusDetails":{"known":false,"muted":false,"flaky":false},"stage":"finished","steps":[],"attachments":[],"parameters":[],"start":1748989637432,"stop":1748989637433}],"attachments":[],"parameters":[],"start":1748989637375,"stop":1748989637655}